<?xml version="1.0" encoding="UTF-8"?>
<!-- Generated by org.testng.reporters.JUnitReportReporter -->
<testsuite skipped="0" hostname="LAPTOP-37CPKV0R" name="com.mystore.testcase.HomePageTest" tests="1" failures="0" timestamp="2023-11-02T16:31:55 EDT" time="9.304" errors="0">
  <testcase name="orderHistoryandDetailsTest" time="9.304" classname="com.mystore.testcase.HomePageTest"/>
  <system-out/>
</testsuite> <!-- com.mystore.testcase.HomePageTest -->
