<?xml version="1.0" encoding="UTF-8"?>
<!-- Generated by org.testng.reporters.JUnitReportReporter -->
<testsuite skipped="0" hostname="LAPTOP-37CPKV0R" name="com.mystore.testcase.AccountCreationPageTest" tests="1" failures="0" timestamp="2023-11-02T16:31:55 EDT" time="9.388" errors="0">
  <testcase name="verifyeaccountpagetest" time="9.388" classname="com.mystore.testcase.AccountCreationPageTest"/>
  <system-out/>
</testsuite> <!-- com.mystore.testcase.AccountCreationPageTest -->
