<?xml version="1.0" encoding="UTF-8"?>
<!-- Generated by org.testng.reporters.JUnitReportReporter -->
<testsuite skipped="0" hostname="LAPTOP-37CPKV0R" name="com.mystore.testcase.AddToCartPageTest" tests="1" failures="0" timestamp="2023-11-02T16:31:55 EDT" time="13.845" errors="0">
  <testcase name="verifyeaccountpagetest" time="13.845" classname="com.mystore.testcase.AddToCartPageTest"/>
  <system-out/>
</testsuite> <!-- com.mystore.testcase.AddToCartPageTest -->
