<?xml version="1.0" encoding="UTF-8"?>
<!-- Generated by org.testng.reporters.JUnitReportReporter -->
<testsuite skipped="0" hostname="LAPTOP-37CPKV0R" name="com.mystore.testcase.IndexPageTest" tests="2" failures="0" timestamp="2023-11-02T16:31:55 EDT" time="11.416" errors="0">
  <testcase name="logo" time="5.382" classname="com.mystore.testcase.IndexPageTest"/>
  <system-out/>
  <testcase name="VerifyTitle" time="6.034" classname="com.mystore.testcase.IndexPageTest"/>
  <system-out/>
</testsuite> <!-- com.mystore.testcase.IndexPageTest -->
